2024-04-18 09:32 AM - root - sc2_build_order_database.py:72 - WARNING - Build: Three CC Battle-Mech - Build not found. - Ignore if adding build order to database
2024-04-18 09:32 AM - root - sc2_build_order_database.py:72 - WARNING - Build: 1/1/1 Bio - Build not found. - Ignore if adding build order to database
2024-04-18 09:32 AM - root - sc2_build_order_database.py:72 - WARNING - Build: Threaper Bio - Build not found. - Ignore if adding build order to database
2024-04-18 09:32 AM - root - sc2_build_order_database.py:72 - WARNING - Build: name1 - Build not found. - Ignore if adding build order to database
2024-04-18 09:32 AM - root - sc2_build_order_database.py:72 - WARNING - Build: test build - Build not found. - Ignore if adding build order to database
2024-04-18 09:32 AM - root - sc2_build_order_data_retriever.py:99 - WARNING - There is no build order named: test build
2024-04-18 09:32 AM - root - sc2_build_order_database.py:72 - WARNING - Build: test1 - Build not found. - Ignore if adding build order to database
2024-04-18 09:32 AM - root - sc2_build_order_database.py:72 - WARNING - Build: test2 - Build not found. - Ignore if adding build order to database
2024-04-18 09:32 AM - root - sc2_build_order_database.py:72 - WARNING - Build: test3 - Build not found. - Ignore if adding build order to database
2024-04-18 09:32 AM - root - sc2_build_order_database.py:72 - WARNING - Build: build1 - Build not found. - Ignore if adding build order to database
2024-04-18 09:32 AM - root - sc2_build_order_database.py:72 - WARNING - Build: build2 - Build not found. - Ignore if adding build order to database
2024-04-18 09:32 AM - root - sc2_build_order_database.py:72 - WARNING - Build: new build - Build not found. - Ignore if adding build order to database
2024-04-18 09:32 AM - root - sc2_build_order_database.py:72 - WARNING - Build: new build - Build not found. - Ignore if adding build order to database
2024-04-18 09:33 AM - root - sc2_build_order_database.py:72 - WARNING - Build: Three CC Battle-Mech - Build not found. - Ignore if adding build order to database
2024-04-18 09:33 AM - root - sc2_build_order_database.py:72 - WARNING - Build: 1/1/1 Bio - Build not found. - Ignore if adding build order to database
2024-04-18 09:33 AM - root - sc2_build_order_database.py:72 - WARNING - Build: Threaper Bio - Build not found. - Ignore if adding build order to database
2024-04-18 09:33 AM - root - sc2_build_order_database.py:72 - WARNING - Build: name1 - Build not found. - Ignore if adding build order to database
2024-04-18 09:33 AM - root - sc2_build_order_database.py:72 - WARNING - Build: test build - Build not found. - Ignore if adding build order to database
2024-04-18 09:33 AM - root - sc2_build_order_data_retriever.py:99 - WARNING - There is no build order named: test build
2024-04-18 09:33 AM - root - sc2_build_order_database.py:72 - WARNING - Build: test1 - Build not found. - Ignore if adding build order to database
2024-04-18 09:33 AM - root - sc2_build_order_database.py:72 - WARNING - Build: test2 - Build not found. - Ignore if adding build order to database
2024-04-18 09:33 AM - root - sc2_build_order_database.py:72 - WARNING - Build: test3 - Build not found. - Ignore if adding build order to database
2024-04-18 09:33 AM - root - sc2_build_order_database.py:72 - WARNING - Build: build1 - Build not found. - Ignore if adding build order to database
2024-04-18 09:33 AM - root - sc2_build_order_database.py:72 - WARNING - Build: build2 - Build not found. - Ignore if adding build order to database
2024-04-18 09:33 AM - root - sc2_build_order_database.py:72 - WARNING - Build: new build - Build not found. - Ignore if adding build order to database
2024-04-18 09:33 AM - root - sc2_build_order_database.py:72 - WARNING - Build: new build - Build not found. - Ignore if adding build order to database
2024-04-18 09:33 AM - root - sc2_build_order_database.py:72 - WARNING - Build: Three CC Battle-Mech - Build not found. - Ignore if adding build order to database
2024-04-18 09:33 AM - root - sc2_build_order_database.py:72 - WARNING - Build: 1/1/1 Bio - Build not found. - Ignore if adding build order to database
2024-04-18 09:33 AM - root - sc2_build_order_database.py:72 - WARNING - Build: Threaper Bio - Build not found. - Ignore if adding build order to database
2024-04-18 09:33 AM - root - sc2_build_order_database.py:72 - WARNING - Build: name1 - Build not found. - Ignore if adding build order to database
2024-04-18 09:33 AM - root - sc2_build_order_database.py:72 - WARNING - Build: test build - Build not found. - Ignore if adding build order to database
2024-04-18 09:33 AM - root - sc2_build_order_data_retriever.py:99 - WARNING - There is no build order named: test build
2024-04-18 09:33 AM - root - sc2_build_order_database.py:72 - WARNING - Build: test1 - Build not found. - Ignore if adding build order to database
2024-04-18 09:33 AM - root - sc2_build_order_database.py:72 - WARNING - Build: test2 - Build not found. - Ignore if adding build order to database
2024-04-18 09:33 AM - root - sc2_build_order_database.py:72 - WARNING - Build: test3 - Build not found. - Ignore if adding build order to database
2024-04-18 09:33 AM - root - sc2_build_order_database.py:72 - WARNING - Build: build1 - Build not found. - Ignore if adding build order to database
2024-04-18 09:33 AM - root - sc2_build_order_database.py:72 - WARNING - Build: build2 - Build not found. - Ignore if adding build order to database
2024-04-18 09:33 AM - root - sc2_build_order_database.py:72 - WARNING - Build: new build - Build not found. - Ignore if adding build order to database
2024-04-18 09:33 AM - root - sc2_build_order_database.py:72 - WARNING - Build: new build - Build not found. - Ignore if adding build order to database
2024-04-18 09:35 AM - root - sc2_build_order_database.py:72 - WARNING - Build: Three CC Battle-Mech - Build not found. - Ignore if adding build order to database
2024-04-18 09:35 AM - root - sc2_build_order_database.py:72 - WARNING - Build: 1/1/1 Bio - Build not found. - Ignore if adding build order to database
2024-04-18 09:35 AM - root - sc2_build_order_database.py:72 - WARNING - Build: Threaper Bio - Build not found. - Ignore if adding build order to database
2024-04-18 09:35 AM - root - sc2_build_order_database.py:72 - WARNING - Build: name1 - Build not found. - Ignore if adding build order to database
2024-04-18 09:35 AM - root - sc2_build_order_database.py:72 - WARNING - Build: test build - Build not found. - Ignore if adding build order to database
2024-04-18 09:35 AM - root - sc2_build_order_data_retriever.py:99 - WARNING - There is no build order named: test build
2024-04-18 09:35 AM - root - sc2_build_order_database.py:72 - WARNING - Build: test1 - Build not found. - Ignore if adding build order to database
2024-04-18 09:35 AM - root - sc2_build_order_database.py:72 - WARNING - Build: test2 - Build not found. - Ignore if adding build order to database
2024-04-18 09:35 AM - root - sc2_build_order_database.py:72 - WARNING - Build: test3 - Build not found. - Ignore if adding build order to database
2024-04-18 09:35 AM - root - sc2_build_order_database.py:72 - WARNING - Build: build1 - Build not found. - Ignore if adding build order to database
2024-04-18 09:35 AM - root - sc2_build_order_database.py:72 - WARNING - Build: build2 - Build not found. - Ignore if adding build order to database
2024-04-18 09:35 AM - root - sc2_build_order_database.py:72 - WARNING - Build: new build - Build not found. - Ignore if adding build order to database
2024-04-18 09:35 AM - root - sc2_build_order_database.py:72 - WARNING - Build: new build - Build not found. - Ignore if adding build order to database
2024-04-18 09:38 AM - root - sc2_build_order_database.py:72 - WARNING - Build: Three CC Battle-Mech - Build not found. - Ignore if adding build order to database
2024-04-18 09:38 AM - root - sc2_build_order_database.py:72 - WARNING - Build: 1/1/1 Bio - Build not found. - Ignore if adding build order to database
2024-04-18 09:38 AM - root - sc2_build_order_database.py:72 - WARNING - Build: Threaper Bio - Build not found. - Ignore if adding build order to database
2024-04-18 09:38 AM - root - sc2_build_order_database.py:72 - WARNING - Build: name1 - Build not found. - Ignore if adding build order to database
2024-04-18 09:38 AM - root - sc2_build_order_database.py:72 - WARNING - Build: test build - Build not found. - Ignore if adding build order to database
2024-04-18 09:38 AM - root - sc2_build_order_data_retriever.py:99 - WARNING - There is no build order named: test build
2024-04-18 09:38 AM - root - sc2_build_order_database.py:72 - WARNING - Build: test1 - Build not found. - Ignore if adding build order to database
2024-04-18 09:38 AM - root - sc2_build_order_database.py:72 - WARNING - Build: test2 - Build not found. - Ignore if adding build order to database
2024-04-18 09:38 AM - root - sc2_build_order_database.py:72 - WARNING - Build: test3 - Build not found. - Ignore if adding build order to database
2024-04-18 09:38 AM - root - sc2_build_order_database.py:72 - WARNING - Build: build1 - Build not found. - Ignore if adding build order to database
2024-04-18 09:38 AM - root - sc2_build_order_database.py:72 - WARNING - Build: build2 - Build not found. - Ignore if adding build order to database
2024-04-18 09:38 AM - root - sc2_build_order_database.py:72 - WARNING - Build: new build - Build not found. - Ignore if adding build order to database
2024-04-18 09:38 AM - root - sc2_build_order_database.py:72 - WARNING - Build: new build - Build not found. - Ignore if adding build order to database
2024-04-18 09:39 AM - root - sc2_build_order_database.py:72 - WARNING - Build: Three CC Battle-Mech - Build not found. - Ignore if adding build order to database
2024-04-18 09:39 AM - root - sc2_build_order_database.py:72 - WARNING - Build: 1/1/1 Bio - Build not found. - Ignore if adding build order to database
2024-04-18 09:39 AM - root - sc2_build_order_database.py:72 - WARNING - Build: Threaper Bio - Build not found. - Ignore if adding build order to database
2024-04-18 09:39 AM - root - sc2_build_order_database.py:72 - WARNING - Build: name1 - Build not found. - Ignore if adding build order to database
2024-04-18 09:39 AM - root - sc2_build_order_database.py:72 - WARNING - Build: test build - Build not found. - Ignore if adding build order to database
2024-04-18 09:39 AM - root - sc2_build_order_data_retriever.py:99 - WARNING - There is no build order named: test build
2024-04-18 09:39 AM - root - sc2_build_order_database.py:72 - WARNING - Build: test1 - Build not found. - Ignore if adding build order to database
2024-04-18 09:39 AM - root - sc2_build_order_database.py:72 - WARNING - Build: test2 - Build not found. - Ignore if adding build order to database
2024-04-18 09:39 AM - root - sc2_build_order_database.py:72 - WARNING - Build: test3 - Build not found. - Ignore if adding build order to database
2024-04-18 09:39 AM - root - sc2_build_order_database.py:72 - WARNING - Build: build1 - Build not found. - Ignore if adding build order to database
2024-04-18 09:39 AM - root - sc2_build_order_database.py:72 - WARNING - Build: build2 - Build not found. - Ignore if adding build order to database
2024-04-18 09:39 AM - root - sc2_build_order_database.py:72 - WARNING - Build: new build - Build not found. - Ignore if adding build order to database
2024-04-18 09:39 AM - root - sc2_build_order_database.py:72 - WARNING - Build: new build - Build not found. - Ignore if adding build order to database
